\BOOKMARK [1][-]{section.1}{\376\377\137\025\212\000}{}% 1
\BOOKMARK [1][-]{section.2}{\376\377\152\041\127\127\213\276\213\241}{}% 2
\BOOKMARK [1][-]{section.3}{\376\377\145\160\143\156\116\016\152\041\127\213}{}% 3
\BOOKMARK [1][-]{section.4}{\376\377\201\352\122\250\137\256\122\006\116\016\123\315\124\021\117\040\144\255}{}% 4
\BOOKMARK [1][-]{section.5}{\376\377\213\255\176\303\116\016\215\205\123\302\145\160\144\034\175\042}{}% 5
\BOOKMARK [1][-]{section.6}{\376\377\133\236\232\214\176\323\147\234}{}% 6
\BOOKMARK [2][-]{subsection.6.1}{\376\377\121\155\217\156\177\121\150\074\144\034\175\042\203\003\126\364}{section.6}% 7
\BOOKMARK [2][-]{subsection.6.2}{\376\377\121\155\217\156\144\034\175\042\176\323\147\234}{section.6}% 8
\BOOKMARK [2][-]{subsection.6.3}{\376\377\147\000\176\310\217\156\172\063\133\232\140\047\116\016\145\066\145\133\217\156\153\041}{section.6}% 9
\BOOKMARK [2][-]{subsection.6.4}{\376\377\155\210\207\215\133\236\232\214\116\016\145\110\163\207\000-\140\047\200\375\147\103\210\141}{section.6}% 10
\BOOKMARK [1][-]{section.7}{\376\377\213\255\176\303\146\362\176\277\123\357\211\306\123\026}{}% 11
\BOOKMARK [1][-]{section.8}{\376\377\173\054\116\000\134\102\147\103\221\315\123\357\211\306\123\026\116\016\172\172\225\364\152\041\137\017}{}% 12
\BOOKMARK [1][-]{section.9}{\376\377\155\367\155\306\167\351\226\065\122\006\147\220}{}% 13
\BOOKMARK [2][-]{subsection.9.1}{\376\377\155\367\155\306\167\351\226\065\123\357\211\306\123\026}{section.9}% 14
\BOOKMARK [2][-]{subsection.9.2}{\376\377\000T\000o\000p\000-\000K\000\040\155\367\155\306\133\371\133\232\221\317\176\337\213\241}{section.9}% 15
\BOOKMARK [2][-]{subsection.9.3}{\376\377\232\330\177\156\117\341\225\031\122\006\163\260\214\141}{section.9}% 16
\BOOKMARK [2][-]{subsection.9.4}{\376\377\153\317\174\173\143\007\150\007\377\010\000P\000r\000e\000c\000i\000s\000i\000o\000n\000\040\000/\000\040\000R\000e\000c\000a\000l\000l\000\040\000/\000\040\000F\0001\377\011}{section.9}% 17
\BOOKMARK [1][-]{section.10}{\376\377\225\031\117\213\122\006\147\220}{}% 18
\BOOKMARK [2][-]{subsection.10.1}{\376\377\213\357\135\356\226\306\116\055\136\246\116\016\174\173\122\053\226\276\136\246}{section.10}% 19
\BOOKMARK [2][-]{subsection.10.2}{\376\377\145\271\124\021\140\047\155\367\155\306\116\016\217\271\165\114\120\117\177\156}{section.10}% 20
\BOOKMARK [2][-]{subsection.10.3}{\376\377\232\330\177\156\117\341\225\031\117\213\122\006\174\173\127\213\122\006\147\220}{section.10}% 21
\BOOKMARK [3][-]{subsubsection.10.3.1}{\376\377\116\012\210\305\155\367\155\306}{subsection.10.3}% 22
\BOOKMARK [3][-]{subsubsection.10.3.2}{\376\377\227\213\174\173\155\367\155\306}{subsection.10.3}% 23
\BOOKMARK [3][-]{subsubsection.10.3.3}{\376\377\215\350\213\355\116\111\174\173\122\053\155\367\155\306}{subsection.10.3}% 24
\BOOKMARK [1][-]{section.11}{\376\377\176\323\213\272}{}% 25
\BOOKMARK [1][-]{appendix.A}{\376\377\226\104\137\125\377\032\116\343\170\001\116\323\136\223\116\016\152\041\127\213\147\103\221\315}{}% 26
\BOOKMARK [2][-]{subsection.A.1}{\376\377\116\343\170\001\116\323\136\223}{appendix.A}% 27
\BOOKMARK [2][-]{subsection.A.2}{\376\377\152\041\127\213\147\103\221\315}{appendix.A}% 28
